<?xml version="1.0" encoding="UTF-8"?>
<!-- Generated by org.testng.reporters.JUnitXMLReporter -->
<testsuite ignored="0" hostname="DESKTOP-1118KPU" failures="1" tests="3" name="Error Validation Test" time="44.828" errors="0" timestamp="2024-07-21T20:29:31 IST">
  <testcase classname="ankitsharmaacademy.ErrorValidationsTest" name="LoginErrorValidation" time="0.86">
    <skipped/>
  </testcase> <!-- LoginErrorValidation -->
  <testcase classname="ankitsharmaacademy.ErrorValidationsTest" name="LoginErrorValidation" time="0.545">
    <failure type="java.lang.AssertionError" message="expected [Incorrect email or password.] but found [Incorrect email password.]">
      <![CDATA[java.lang.AssertionError: expected [Incorrect email or password.] but found [Incorrect email password.]
at ankitsharmaacademy.ErrorValidationsTest.LoginErrorValidation(ErrorValidationsTest.java:37)
at java.base/java.util.ArrayList.forEach(ArrayList.java:1596)
at java.base/java.util.concurrent.FutureTask.run(FutureTask.java:317)
at java.base/java.util.concurrent.ThreadPoolExecutor.runWorker(ThreadPoolExecutor.java:1144)
at java.base/java.util.concurrent.ThreadPoolExecutor$Worker.run(ThreadPoolExecutor.java:642)
at java.base/java.lang.Thread.run(Thread.java:1583)
... Removed 21 stack frames]]>
    </failure>
  </testcase> <!-- LoginErrorValidation -->
  <testcase classname="ankitsharmaacademy.ErrorValidationsTest" name="ProductErrorValidation" time="23.536"/>
</testsuite> <!-- Error Validation Test -->
